[2017-10-18 15:46:04] production.ERROR: Directory name must not be empty. {"exception":"[object] (RuntimeException(code: 0): Directory name must not be empty. at E:\\XAMPP\\htdocs\\INT\\local\\vendor\\symfony\\finder\\Iterator\\RecursiveDirectoryIterator.php:54)
[stacktrace]
#0 E:\\XAMPP\\htdocs\\INT\\local\\vendor\\symfony\\finder\\Iterator\\RecursiveDirectoryIterator.php(54): RecursiveDirectoryIterator->__construct('', 4096)
#1 E:\\XAMPP\\htdocs\\INT\\local\\vendor\\symfony\\finder\\Finder.php(669): Symfony\\Component\\Finder\\Iterator\\RecursiveDirectoryIterator->__construct('', 4096, false)
#2 E:\\XAMPP\\htdocs\\INT\\local\\vendor\\symfony\\finder\\Finder.php(571): Symfony\\Component\\Finder\\Finder->searchInDirectory('')
#3 E:\\XAMPP\\htdocs\\INT\\local\\vendor\\laravel\\framework\\src\\Illuminate\\Foundation\\Bootstrap\\LoadConfiguration.php(87): Symfony\\Component\\Finder\\Finder->getIterator()
#4 E:\\XAMPP\\htdocs\\INT\\local\\vendor\\laravel\\framework\\src\\Illuminate\\Foundation\\Bootstrap\\LoadConfiguration.php(64): Illuminate\\Foundation\\Bootstrap\\LoadConfiguration->getConfigurationFiles(Object(Illuminate\\Foundation\\Application))
#5 E:\\XAMPP\\htdocs\\INT\\local\\vendor\\laravel\\framework\\src\\Illuminate\\Foundation\\Bootstrap\\LoadConfiguration.php(39): Illuminate\\Foundation\\Bootstrap\\LoadConfiguration->loadConfigurationFiles(Object(Illuminate\\Foundation\\Application), Object(Illuminate\\Config\\Repository))
#6 E:\\XAMPP\\htdocs\\INT\\local\\vendor\\laravel\\framework\\src\\Illuminate\\Foundation\\Application.php(213): Illuminate\\Foundation\\Bootstrap\\LoadConfiguration->bootstrap(Object(Illuminate\\Foundation\\Application))
#7 E:\\XAMPP\\htdocs\\INT\\local\\vendor\\laravel\\framework\\src\\Illuminate\\Foundation\\Http\\Kernel.php(162): Illuminate\\Foundation\\Application->bootstrapWith(Array)
#8 E:\\XAMPP\\htdocs\\INT\\local\\vendor\\laravel\\framework\\src\\Illuminate\\Foundation\\Http\\Kernel.php(146): Illuminate\\Foundation\\Http\\Kernel->bootstrap()
#9 E:\\XAMPP\\htdocs\\INT\\local\\vendor\\laravel\\framework\\src\\Illuminate\\Foundation\\Http\\Kernel.php(116): Illuminate\\Foundation\\Http\\Kernel->sendRequestThroughRouter(Object(Illuminate\\Http\\Request))
#10 E:\\XAMPP\\htdocs\\INT\\index.php(55): Illuminate\\Foundation\\Http\\Kernel->handle(Object(Illuminate\\Http\\Request))
#11 E:\\XAMPP\\htdocs\\INT\\local\\server.php(21): require_once('E:\\\\XAMPP\\\\htdocs...')
#12 {main}
"} 
[2017-10-18 15:46:05] production.ERROR: Directory name must not be empty. {"exception":"[object] (RuntimeException(code: 0): Directory name must not be empty. at E:\\XAMPP\\htdocs\\INT\\local\\vendor\\symfony\\finder\\Iterator\\RecursiveDirectoryIterator.php:54)
[stacktrace]
#0 E:\\XAMPP\\htdocs\\INT\\local\\vendor\\symfony\\finder\\Iterator\\RecursiveDirectoryIterator.php(54): RecursiveDirectoryIterator->__construct('', 4096)
#1 E:\\XAMPP\\htdocs\\INT\\local\\vendor\\symfony\\finder\\Finder.php(669): Symfony\\Component\\Finder\\Iterator\\RecursiveDirectoryIterator->__construct('', 4096, false)
#2 E:\\XAMPP\\htdocs\\INT\\local\\vendor\\symfony\\finder\\Finder.php(571): Symfony\\Component\\Finder\\Finder->searchInDirectory('')
#3 E:\\XAMPP\\htdocs\\INT\\local\\vendor\\laravel\\framework\\src\\Illuminate\\Foundation\\Bootstrap\\LoadConfiguration.php(87): Symfony\\Component\\Finder\\Finder->getIterator()
#4 E:\\XAMPP\\htdocs\\INT\\local\\vendor\\laravel\\framework\\src\\Illuminate\\Foundation\\Bootstrap\\LoadConfiguration.php(64): Illuminate\\Foundation\\Bootstrap\\LoadConfiguration->getConfigurationFiles(Object(Illuminate\\Foundation\\Application))
#5 E:\\XAMPP\\htdocs\\INT\\local\\vendor\\laravel\\framework\\src\\Illuminate\\Foundation\\Bootstrap\\LoadConfiguration.php(39): Illuminate\\Foundation\\Bootstrap\\LoadConfiguration->loadConfigurationFiles(Object(Illuminate\\Foundation\\Application), Object(Illuminate\\Config\\Repository))
#6 E:\\XAMPP\\htdocs\\INT\\local\\vendor\\laravel\\framework\\src\\Illuminate\\Foundation\\Application.php(213): Illuminate\\Foundation\\Bootstrap\\LoadConfiguration->bootstrap(Object(Illuminate\\Foundation\\Application))
#7 E:\\XAMPP\\htdocs\\INT\\local\\vendor\\laravel\\framework\\src\\Illuminate\\Foundation\\Http\\Kernel.php(162): Illuminate\\Foundation\\Application->bootstrapWith(Array)
#8 E:\\XAMPP\\htdocs\\INT\\local\\vendor\\laravel\\framework\\src\\Illuminate\\Foundation\\Http\\Kernel.php(146): Illuminate\\Foundation\\Http\\Kernel->bootstrap()
#9 E:\\XAMPP\\htdocs\\INT\\local\\vendor\\laravel\\framework\\src\\Illuminate\\Foundation\\Http\\Kernel.php(116): Illuminate\\Foundation\\Http\\Kernel->sendRequestThroughRouter(Object(Illuminate\\Http\\Request))
#10 E:\\XAMPP\\htdocs\\INT\\index.php(55): Illuminate\\Foundation\\Http\\Kernel->handle(Object(Illuminate\\Http\\Request))
#11 E:\\XAMPP\\htdocs\\INT\\local\\server.php(21): require_once('E:\\\\XAMPP\\\\htdocs...')
#12 {main}
"} 
[2017-10-18 15:46:06] production.ERROR: Directory name must not be empty. {"exception":"[object] (RuntimeException(code: 0): Directory name must not be empty. at E:\\XAMPP\\htdocs\\INT\\local\\vendor\\symfony\\finder\\Iterator\\RecursiveDirectoryIterator.php:54)
[stacktrace]
#0 E:\\XAMPP\\htdocs\\INT\\local\\vendor\\symfony\\finder\\Iterator\\RecursiveDirectoryIterator.php(54): RecursiveDirectoryIterator->__construct('', 4096)
#1 E:\\XAMPP\\htdocs\\INT\\local\\vendor\\symfony\\finder\\Finder.php(669): Symfony\\Component\\Finder\\Iterator\\RecursiveDirectoryIterator->__construct('', 4096, false)
#2 E:\\XAMPP\\htdocs\\INT\\local\\vendor\\symfony\\finder\\Finder.php(571): Symfony\\Component\\Finder\\Finder->searchInDirectory('')
#3 E:\\XAMPP\\htdocs\\INT\\local\\vendor\\laravel\\framework\\src\\Illuminate\\Foundation\\Bootstrap\\LoadConfiguration.php(87): Symfony\\Component\\Finder\\Finder->getIterator()
#4 E:\\XAMPP\\htdocs\\INT\\local\\vendor\\laravel\\framework\\src\\Illuminate\\Foundation\\Bootstrap\\LoadConfiguration.php(64): Illuminate\\Foundation\\Bootstrap\\LoadConfiguration->getConfigurationFiles(Object(Illuminate\\Foundation\\Application))
#5 E:\\XAMPP\\htdocs\\INT\\local\\vendor\\laravel\\framework\\src\\Illuminate\\Foundation\\Bootstrap\\LoadConfiguration.php(39): Illuminate\\Foundation\\Bootstrap\\LoadConfiguration->loadConfigurationFiles(Object(Illuminate\\Foundation\\Application), Object(Illuminate\\Config\\Repository))
#6 E:\\XAMPP\\htdocs\\INT\\local\\vendor\\laravel\\framework\\src\\Illuminate\\Foundation\\Application.php(213): Illuminate\\Foundation\\Bootstrap\\LoadConfiguration->bootstrap(Object(Illuminate\\Foundation\\Application))
#7 E:\\XAMPP\\htdocs\\INT\\local\\vendor\\laravel\\framework\\src\\Illuminate\\Foundation\\Http\\Kernel.php(162): Illuminate\\Foundation\\Application->bootstrapWith(Array)
#8 E:\\XAMPP\\htdocs\\INT\\local\\vendor\\laravel\\framework\\src\\Illuminate\\Foundation\\Http\\Kernel.php(146): Illuminate\\Foundation\\Http\\Kernel->bootstrap()
#9 E:\\XAMPP\\htdocs\\INT\\local\\vendor\\laravel\\framework\\src\\Illuminate\\Foundation\\Http\\Kernel.php(116): Illuminate\\Foundation\\Http\\Kernel->sendRequestThroughRouter(Object(Illuminate\\Http\\Request))
#10 E:\\XAMPP\\htdocs\\INT\\index.php(55): Illuminate\\Foundation\\Http\\Kernel->handle(Object(Illuminate\\Http\\Request))
#11 E:\\XAMPP\\htdocs\\INT\\local\\server.php(21): require_once('E:\\\\XAMPP\\\\htdocs...')
#12 {main}
"} 
[2017-10-18 15:46:10] production.ERROR: Directory name must not be empty. {"exception":"[object] (RuntimeException(code: 0): Directory name must not be empty. at E:\\XAMPP\\htdocs\\INT\\local\\vendor\\symfony\\finder\\Iterator\\RecursiveDirectoryIterator.php:54)
[stacktrace]
#0 E:\\XAMPP\\htdocs\\INT\\local\\vendor\\symfony\\finder\\Iterator\\RecursiveDirectoryIterator.php(54): RecursiveDirectoryIterator->__construct('', 4096)
#1 E:\\XAMPP\\htdocs\\INT\\local\\vendor\\symfony\\finder\\Finder.php(669): Symfony\\Component\\Finder\\Iterator\\RecursiveDirectoryIterator->__construct('', 4096, false)
#2 E:\\XAMPP\\htdocs\\INT\\local\\vendor\\symfony\\finder\\Finder.php(571): Symfony\\Component\\Finder\\Finder->searchInDirectory('')
#3 E:\\XAMPP\\htdocs\\INT\\local\\vendor\\laravel\\framework\\src\\Illuminate\\Foundation\\Bootstrap\\LoadConfiguration.php(87): Symfony\\Component\\Finder\\Finder->getIterator()
#4 E:\\XAMPP\\htdocs\\INT\\local\\vendor\\laravel\\framework\\src\\Illuminate\\Foundation\\Bootstrap\\LoadConfiguration.php(64): Illuminate\\Foundation\\Bootstrap\\LoadConfiguration->getConfigurationFiles(Object(Illuminate\\Foundation\\Application))
#5 E:\\XAMPP\\htdocs\\INT\\local\\vendor\\laravel\\framework\\src\\Illuminate\\Foundation\\Bootstrap\\LoadConfiguration.php(39): Illuminate\\Foundation\\Bootstrap\\LoadConfiguration->loadConfigurationFiles(Object(Illuminate\\Foundation\\Application), Object(Illuminate\\Config\\Repository))
#6 E:\\XAMPP\\htdocs\\INT\\local\\vendor\\laravel\\framework\\src\\Illuminate\\Foundation\\Application.php(213): Illuminate\\Foundation\\Bootstrap\\LoadConfiguration->bootstrap(Object(Illuminate\\Foundation\\Application))
#7 E:\\XAMPP\\htdocs\\INT\\local\\vendor\\laravel\\framework\\src\\Illuminate\\Foundation\\Http\\Kernel.php(162): Illuminate\\Foundation\\Application->bootstrapWith(Array)
#8 E:\\XAMPP\\htdocs\\INT\\local\\vendor\\laravel\\framework\\src\\Illuminate\\Foundation\\Http\\Kernel.php(146): Illuminate\\Foundation\\Http\\Kernel->bootstrap()
#9 E:\\XAMPP\\htdocs\\INT\\local\\vendor\\laravel\\framework\\src\\Illuminate\\Foundation\\Http\\Kernel.php(116): Illuminate\\Foundation\\Http\\Kernel->sendRequestThroughRouter(Object(Illuminate\\Http\\Request))
#10 E:\\XAMPP\\htdocs\\INT\\index.php(55): Illuminate\\Foundation\\Http\\Kernel->handle(Object(Illuminate\\Http\\Request))
#11 E:\\XAMPP\\htdocs\\INT\\local\\server.php(21): require_once('E:\\\\XAMPP\\\\htdocs...')
#12 {main}
"} 
